<?xml version="1.0" encoding="UTF-8"?>
<!-- Generated by org.testng.reporters.JUnitReportReporter -->
<testsuite hostname="zheng" name="seleniumpractise.HomeWork" tests="2" failures="0" timestamp="8 Mar 2014 10:55:23 GMT" time="8.794" errors="0">
  <testcase name="test1" time="3.394" classname="seleniumpractise.HomeWork"/>
  <testcase name="test2" time="5.400" classname="seleniumpractise.HomeWork"/>
</testsuite> <!-- seleniumpractise.HomeWork -->
